Fri Sep 07 2018 07:49:14 GMT+0530 (India Standard Time): GET /about
Fri Sep 07 2018 07:49:16 GMT+0530 (India Standard Time): GET /about
Fri Sep 07 2018 07:49:38 GMT+0530 (India Standard Time): GET /about
Fri Sep 07 2018 07:49:38 GMT+0530 (India Standard Time): GET /about
Fri Sep 07 2018 07:49:39 GMT+0530 (India Standard Time): GET /about
Fri Sep 07 2018 07:51:17 GMT+0530 (India Standard Time): GET /
Fri Sep 07 2018 07:51:18 GMT+0530 (India Standard Time): GET /
Fri Sep 07 2018 07:51:18 GMT+0530 (India Standard Time): GET /
Fri Sep 07 2018 07:51:19 GMT+0530 (India Standard Time): GET /
Fri Sep 07 2018 07:51:19 GMT+0530 (India Standard Time): GET /
Fri Sep 07 2018 07:51:19 GMT+0530 (India Standard Time): GET /
Fri Sep 07 2018 07:51:19 GMT+0530 (India Standard Time): GET /
Fri Sep 07 2018 07:55:24 GMT+0530 (India Standard Time): GET /
Fri Sep 07 2018 07:55:25 GMT+0530 (India Standard Time): GET /
Fri Sep 07 2018 07:55:29 GMT+0530 (India Standard Time): GET /about
Fri Sep 07 2018 07:55:31 GMT+0530 (India Standard Time): GET /
Fri Sep 07 2018 07:55:33 GMT+0530 (India Standard Time): GET /about
Fri Sep 07 2018 07:55:53 GMT+0530 (India Standard Time): GET /about
Fri Sep 07 2018 07:55:55 GMT+0530 (India Standard Time): GET /
Fri Sep 07 2018 07:55:57 GMT+0530 (India Standard Time): GET /about
Fri Sep 07 2018 07:56:05 GMT+0530 (India Standard Time): GET /
Fri Sep 07 2018 07:56:09 GMT+0530 (India Standard Time): GET /
Fri Sep 07 2018 07:56:10 GMT+0530 (India Standard Time): GET /
Fri Sep 07 2018 07:56:12 GMT+0530 (India Standard Time): GET /
Fri Sep 07 2018 07:56:14 GMT+0530 (India Standard Time): GET /
Fri Sep 07 2018 07:56:16 GMT+0530 (India Standard Time): GET /
Fri Sep 07 2018 07:56:17 GMT+0530 (India Standard Time): GET /
Fri Sep 07 2018 07:56:18 GMT+0530 (India Standard Time): GET /
Fri Sep 07 2018 07:56:19 GMT+0530 (India Standard Time): GET /
Fri Sep 07 2018 07:56:21 GMT+0530 (India Standard Time): GET /about
Fri Sep 07 2018 07:56:23 GMT+0530 (India Standard Time): GET /about
Fri Sep 07 2018 07:56:24 GMT+0530 (India Standard Time): GET /about
Fri Sep 07 2018 07:56:24 GMT+0530 (India Standard Time): GET /about
Fri Sep 07 2018 07:56:25 GMT+0530 (India Standard Time): GET /about
Fri Sep 07 2018 07:56:27 GMT+0530 (India Standard Time): GET /about
Fri Sep 07 2018 07:56:29 GMT+0530 (India Standard Time): GET /about
Fri Sep 07 2018 07:56:31 GMT+0530 (India Standard Time): GET /about
Fri Sep 07 2018 07:56:33 GMT+0530 (India Standard Time): GET /about
Fri Sep 07 2018 07:56:34 GMT+0530 (India Standard Time): GET /about
Fri Sep 07 2018 07:56:36 GMT+0530 (India Standard Time): GET /about
Fri Sep 07 2018 07:56:38 GMT+0530 (India Standard Time): GET /about
Fri Sep 07 2018 07:58:00 GMT+0530 (India Standard Time): GET /
Fri Sep 07 2018 07:58:00 GMT+0530 (India Standard Time): GET /
Fri Sep 07 2018 07:58:01 GMT+0530 (India Standard Time): GET /
Fri Sep 07 2018 07:58:01 GMT+0530 (India Standard Time): GET /
Fri Sep 07 2018 07:58:01 GMT+0530 (India Standard Time): GET /
Fri Sep 07 2018 07:58:01 GMT+0530 (India Standard Time): GET /
Fri Sep 07 2018 07:58:02 GMT+0530 (India Standard Time): GET /
Fri Sep 07 2018 07:58:02 GMT+0530 (India Standard Time): GET /
Fri Sep 07 2018 07:58:02 GMT+0530 (India Standard Time): GET /
Fri Sep 07 2018 07:58:02 GMT+0530 (India Standard Time): GET /
Fri Sep 07 2018 07:58:03 GMT+0530 (India Standard Time): GET /
Fri Sep 07 2018 07:58:03 GMT+0530 (India Standard Time): GET /
Fri Sep 07 2018 07:58:03 GMT+0530 (India Standard Time): GET /
Fri Sep 07 2018 07:58:03 GMT+0530 (India Standard Time): GET /
Fri Sep 07 2018 07:58:03 GMT+0530 (India Standard Time): GET /
Fri Sep 07 2018 07:58:04 GMT+0530 (India Standard Time): GET /
Fri Sep 07 2018 07:58:04 GMT+0530 (India Standard Time): GET /
Fri Sep 07 2018 07:58:04 GMT+0530 (India Standard Time): GET /
Fri Sep 07 2018 07:58:04 GMT+0530 (India Standard Time): GET /
Fri Sep 07 2018 07:58:04 GMT+0530 (India Standard Time): GET /
Fri Sep 07 2018 07:58:04 GMT+0530 (India Standard Time): GET /
Fri Sep 07 2018 07:58:05 GMT+0530 (India Standard Time): GET /
Fri Sep 07 2018 07:58:05 GMT+0530 (India Standard Time): GET /
Fri Sep 07 2018 07:58:05 GMT+0530 (India Standard Time): GET /
Fri Sep 07 2018 07:58:05 GMT+0530 (India Standard Time): GET /
Fri Sep 07 2018 07:58:05 GMT+0530 (India Standard Time): GET /
Fri Sep 07 2018 07:58:06 GMT+0530 (India Standard Time): GET /
Fri Sep 07 2018 07:58:06 GMT+0530 (India Standard Time): GET /
Fri Sep 07 2018 07:58:06 GMT+0530 (India Standard Time): GET /
Fri Sep 07 2018 07:58:06 GMT+0530 (India Standard Time): GET /
Fri Sep 07 2018 07:58:06 GMT+0530 (India Standard Time): GET /
Fri Sep 07 2018 07:58:07 GMT+0530 (India Standard Time): GET /
Fri Sep 07 2018 07:58:07 GMT+0530 (India Standard Time): GET /
Fri Sep 07 2018 07:58:07 GMT+0530 (India Standard Time): GET /
Fri Sep 07 2018 07:58:07 GMT+0530 (India Standard Time): GET /
Fri Sep 07 2018 07:58:07 GMT+0530 (India Standard Time): GET /
Fri Sep 07 2018 07:58:07 GMT+0530 (India Standard Time): GET /
Fri Sep 07 2018 08:01:06 GMT+0530 (India Standard Time): GET /
Fri Sep 07 2018 08:01:06 GMT+0530 (India Standard Time): GET /
Fri Sep 07 2018 08:01:08 GMT+0530 (India Standard Time): GET /
Fri Sep 07 2018 08:01:09 GMT+0530 (India Standard Time): GET /
Fri Sep 07 2018 08:01:34 GMT+0530 (India Standard Time): GET /help
Fri Sep 07 2018 08:02:58 GMT+0530 (India Standard Time): GET /help.html
Fri Sep 07 2018 08:03:05 GMT+0530 (India Standard Time): GET /
Fri Sep 07 2018 08:03:08 GMT+0530 (India Standard Time): GET /
Fri Sep 07 2018 08:03:08 GMT+0530 (India Standard Time): GET /
Fri Sep 07 2018 08:03:09 GMT+0530 (India Standard Time): GET /
Fri Sep 07 2018 08:03:15 GMT+0530 (India Standard Time): GET /about
Fri Sep 07 2018 08:03:17 GMT+0530 (India Standard Time): GET /about
Fri Sep 07 2018 08:03:33 GMT+0530 (India Standard Time): GET /idex
